<?xml version="1.0" encoding="UTF-8"?>
<testng-results skipped="0" failed="1" ignored="0" total="6" passed="5">
  <reporter-output>
  </reporter-output>
  <suite name="All Test Suite" duration-ms="61438" started-at="2018-03-19T05:46:18Z" finished-at="2018-03-19T05:47:20Z">
    <groups>
    </groups>
    <test name="Run Bebo Test" duration-ms="61438" started-at="2018-03-19T05:46:18Z" finished-at="2018-03-19T05:47:20Z">
      <class name="com.bebo.test.DriverTest">
        <test-method status="PASS" signature="setUpTest()[pri:0, instance:com.bebo.test.DriverTest@68837a77]" name="setUpTest" is-config="true" duration-ms="5869" started-at="2018-03-18T23:46:18Z" finished-at="2018-03-18T23:46:24Z">
          <reporter-output>
          </reporter-output>
        </test-method> <!-- setUpTest -->
        <test-method status="PASS" signature="loginToBoxWithInvalidCredentials(java.lang.String, java.lang.String)[pri:0, instance:com.bebo.test.DriverTest@68837a77]" name="loginToBoxWithInvalidCredentials" duration-ms="13871" started-at="2018-03-18T23:46:24Z" data-provider="BoxData" finished-at="2018-03-18T23:46:38Z">
          <params>
            <param index="0">
              <value>
                <![CDATA[gilberto.aspros+001@gmail.com]]>
              </value>
            </param>
            <param index="1">
              <value>
                <![CDATA[Test612]]>
              </value>
            </param>
          </params>
          <reporter-output>
          </reporter-output>
        </test-method> <!-- loginToBoxWithInvalidCredentials -->
        <test-method status="PASS" signature="getResult(org.testng.ITestResult)[pri:0, instance:com.bebo.test.DriverTest@68837a77]" name="getResult" is-config="true" duration-ms="1" started-at="2018-03-18T23:46:38Z" finished-at="2018-03-18T23:46:38Z">
          <params>
            <param index="0">
              <value>
                <![CDATA[[TestResult name=loginToBoxWithInvalidCredentials status=SUCCESS method=DriverTest.loginToBoxWithInvalidCredentials(java.lang.String, java.lang.String)[pri:0, instance:com.bebo.test.DriverTest@68837a77] output={null}]]]>
              </value>
            </param>
          </params>
          <reporter-output>
          </reporter-output>
        </test-method> <!-- getResult -->
        <test-method status="PASS" signature="loginToBoxWithValidCredentials(java.lang.String, java.lang.String)[pri:1, instance:com.bebo.test.DriverTest@68837a77]" name="loginToBoxWithValidCredentials" duration-ms="9420" started-at="2018-03-18T23:46:38Z" data-provider="BoxData" finished-at="2018-03-18T23:46:47Z">
          <params>
            <param index="0">
              <value>
                <![CDATA[gilberto.aspros+001@gmail.com]]>
              </value>
            </param>
            <param index="1">
              <value>
                <![CDATA[Test619]]>
              </value>
            </param>
          </params>
          <reporter-output>
          </reporter-output>
        </test-method> <!-- loginToBoxWithValidCredentials -->
        <test-method status="PASS" signature="getResult(org.testng.ITestResult)[pri:0, instance:com.bebo.test.DriverTest@68837a77]" name="getResult" is-config="true" duration-ms="1" started-at="2018-03-18T23:46:47Z" finished-at="2018-03-18T23:46:47Z">
          <params>
            <param index="0">
              <value>
                <![CDATA[[TestResult name=loginToBoxWithValidCredentials status=SUCCESS method=DriverTest.loginToBoxWithValidCredentials(java.lang.String, java.lang.String)[pri:1, instance:com.bebo.test.DriverTest@68837a77] output={null}]]]>
              </value>
            </param>
          </params>
          <reporter-output>
          </reporter-output>
        </test-method> <!-- getResult -->
        <test-method status="PASS" signature="createNewFolder(java.lang.String, java.lang.String, java.lang.String)[pri:2, instance:com.bebo.test.DriverTest@68837a77]" name="createNewFolder" duration-ms="3593" started-at="2018-03-18T23:46:47Z" data-provider="BoxData" depends-on-methods="com.bebo.test.DriverTest.loginToBoxWithValidCredentials" finished-at="2018-03-18T23:46:51Z">
          <params>
            <param index="0">
              <value>
                <![CDATA[folder_55]]>
              </value>
            </param>
            <param index="1">
              <value>
                <![CDATA[]]>
              </value>
            </param>
            <param index="2">
              <value>
                <![CDATA[Editor]]>
              </value>
            </param>
          </params>
          <reporter-output>
          </reporter-output>
        </test-method> <!-- createNewFolder -->
        <test-method status="PASS" signature="getResult(org.testng.ITestResult)[pri:0, instance:com.bebo.test.DriverTest@68837a77]" name="getResult" is-config="true" duration-ms="1" started-at="2018-03-18T23:46:51Z" finished-at="2018-03-18T23:46:51Z">
          <params>
            <param index="0">
              <value>
                <![CDATA[[TestResult name=createNewFolder status=SUCCESS method=DriverTest.createNewFolder(java.lang.String, java.lang.String, java.lang.String)[pri:2, instance:com.bebo.test.DriverTest@68837a77] output={null}]]]>
              </value>
            </param>
          </params>
          <reporter-output>
          </reporter-output>
        </test-method> <!-- getResult -->
        <test-method status="PASS" signature="renameCreatedFolder(java.lang.String)[pri:3, instance:com.bebo.test.DriverTest@68837a77]" name="renameCreatedFolder" duration-ms="8678" started-at="2018-03-18T23:46:51Z" data-provider="BoxData" depends-on-methods="com.bebo.test.DriverTest.loginToBoxWithValidCredentials" finished-at="2018-03-18T23:47:00Z">
          <params>
            <param index="0">
              <value>
                <![CDATA[Renamed_Folder_69]]>
              </value>
            </param>
          </params>
          <reporter-output>
          </reporter-output>
        </test-method> <!-- renameCreatedFolder -->
        <test-method status="PASS" signature="getResult(org.testng.ITestResult)[pri:0, instance:com.bebo.test.DriverTest@68837a77]" name="getResult" is-config="true" duration-ms="0" started-at="2018-03-18T23:47:00Z" finished-at="2018-03-18T23:47:00Z">
          <params>
            <param index="0">
              <value>
                <![CDATA[[TestResult name=renameCreatedFolder status=SUCCESS method=DriverTest.renameCreatedFolder(java.lang.String)[pri:3, instance:com.bebo.test.DriverTest@68837a77] output={null}]]]>
              </value>
            </param>
          </params>
          <reporter-output>
          </reporter-output>
        </test-method> <!-- getResult -->
        <test-method status="PASS" signature="logoutFromBox()[pri:4, instance:com.bebo.test.DriverTest@68837a77]" name="logoutFromBox" duration-ms="1907" started-at="2018-03-18T23:47:00Z" depends-on-methods="com.bebo.test.DriverTest.loginToBoxWithValidCredentials" finished-at="2018-03-18T23:47:02Z">
          <reporter-output>
          </reporter-output>
        </test-method> <!-- logoutFromBox -->
        <test-method status="PASS" signature="getResult(org.testng.ITestResult)[pri:0, instance:com.bebo.test.DriverTest@68837a77]" name="getResult" is-config="true" duration-ms="0" started-at="2018-03-18T23:47:02Z" finished-at="2018-03-18T23:47:02Z">
          <params>
            <param index="0">
              <value>
                <![CDATA[[TestResult name=logoutFromBox status=SUCCESS method=DriverTest.logoutFromBox()[pri:4, instance:com.bebo.test.DriverTest@68837a77] output={null}]]]>
              </value>
            </param>
          </params>
          <reporter-output>
          </reporter-output>
        </test-method> <!-- getResult -->
        <test-method status="FAIL" signature="faledTestScreenShot(java.lang.String, java.lang.String)[pri:5, instance:com.bebo.test.DriverTest@68837a77]" name="faledTestScreenShot" duration-ms="15746" started-at="2018-03-18T23:47:02Z" data-provider="BoxData" finished-at="2018-03-18T23:47:17Z">
          <params>
            <param index="0">
              <value>
                <![CDATA[gilberto.aspros+1@gmail.com]]>
              </value>
            </param>
            <param index="1">
              <value>
                <![CDATA[Test619]]>
              </value>
            </param>
          </params>
          <exception class="org.openqa.selenium.NoSuchElementException">
            <message>
              <![CDATA[no such element: Unable to locate element: {"method":"link text","selector":"Login"}  (Session info: chrome=65.0.3325.162)  (Driver info: chromedriver=2.37.543627 (63642262d9fb93fb4ab52398be4286d844092a5e),platform=Windows NT 10.0.16299 x86_64) (WARNING: The server did not provide any stacktrace information)Command duration or timeout: 0 millisecondsFor documentation on this error, please visit: http://seleniumhq.org/exceptions/no_such_element.htmlBuild info: version: '3.11.0', revision: 'e59cfb3', time: '2018-03-11T20:26:55.152Z'System info: host: 'LAPTOP-8CJIMVRF', ip: '172.23.41.81', os.name: 'Windows 10', os.arch: 'amd64', os.version: '10.0', java.version: '1.8.0_162'Driver info: org.openqa.selenium.chrome.ChromeDriverCapabilities {acceptInsecureCerts: false, acceptSslCerts: false, applicationCacheEnabled: false, browserConnectionEnabled: false, browserName: chrome, chrome: {chromedriverVersion: 2.37.543627 (63642262d9fb93..., userDataDir: C:\Users\gilsa\AppData\Loca...}, cssSelectorsEnabled: true, databaseEnabled: false, handlesAlerts: true, hasTouchScreen: false, javascriptEnabled: true, locationContextEnabled: true, mobileEmulationEnabled: false, nativeEvents: true, networkConnectionEnabled: false, pageLoadStrategy: normal, platform: XP, platformName: XP, rotatable: false, setWindowRect: true, takesHeapSnapshot: true, takesScreenshot: true, unexpectedAlertBehaviour: , unhandledPromptBehavior: , version: 65.0.3325.162, webStorageEnabled: true}Session ID: aa8007fad04c4262f1f4dda53c072928*** Element info: {Using=link text, value=Login}]]>
            </message>
            <full-stacktrace>
              <![CDATA[org.openqa.selenium.NoSuchElementException: no such element: Unable to locate element: {"method":"link text","selector":"Login"}  (Session info: chrome=65.0.3325.162)  (Driver info: chromedriver=2.37.543627 (63642262d9fb93fb4ab52398be4286d844092a5e),platform=Windows NT 10.0.16299 x86_64) (WARNING: The server did not provide any stacktrace information)Command duration or timeout: 0 millisecondsFor documentation on this error, please visit: http://seleniumhq.org/exceptions/no_such_element.htmlBuild info: version: '3.11.0', revision: 'e59cfb3', time: '2018-03-11T20:26:55.152Z'System info: host: 'LAPTOP-8CJIMVRF', ip: '172.23.41.81', os.name: 'Windows 10', os.arch: 'amd64', os.version: '10.0', java.version: '1.8.0_162'Driver info: org.openqa.selenium.chrome.ChromeDriverCapabilities {acceptInsecureCerts: false, acceptSslCerts: false, applicationCacheEnabled: false, browserConnectionEnabled: false, browserName: chrome, chrome: {chromedriverVersion: 2.37.543627 (63642262d9fb93..., userDataDir: C:\Users\gilsa\AppData\Loca...}, cssSelectorsEnabled: true, databaseEnabled: false, handlesAlerts: true, hasTouchScreen: false, javascriptEnabled: true, locationContextEnabled: true, mobileEmulationEnabled: false, nativeEvents: true, networkConnectionEnabled: false, pageLoadStrategy: normal, platform: XP, platformName: XP, rotatable: false, setWindowRect: true, takesHeapSnapshot: true, takesScreenshot: true, unexpectedAlertBehaviour: , unhandledPromptBehavior: , version: 65.0.3325.162, webStorageEnabled: true}Session ID: aa8007fad04c4262f1f4dda53c072928*** Element info: {Using=link text, value=Login}at sun.reflect.NativeConstructorAccessorImpl.newInstance0(Native Method)at sun.reflect.NativeConstructorAccessorImpl.newInstance(NativeConstructorAccessorImpl.java:62)at sun.reflect.DelegatingConstructorAccessorImpl.newInstance(DelegatingConstructorAccessorImpl.java:45)at java.lang.reflect.Constructor.newInstance(Constructor.java:423)at org.openqa.selenium.remote.ErrorHandler.createThrowable(ErrorHandler.java:214)at org.openqa.selenium.remote.ErrorHandler.throwIfResponseFailed(ErrorHandler.java:166)at org.openqa.selenium.remote.http.JsonHttpResponseCodec.reconstructValue(JsonHttpResponseCodec.java:40)at org.openqa.selenium.remote.http.AbstractHttpResponseCodec.decode(AbstractHttpResponseCodec.java:80)at org.openqa.selenium.remote.http.AbstractHttpResponseCodec.decode(AbstractHttpResponseCodec.java:44)at org.openqa.selenium.remote.HttpCommandExecutor.execute(HttpCommandExecutor.java:158)at org.openqa.selenium.remote.service.DriverCommandExecutor.execute(DriverCommandExecutor.java:83)at org.openqa.selenium.remote.RemoteWebDriver.execute(RemoteWebDriver.java:545)at org.openqa.selenium.remote.RemoteWebDriver.findElement(RemoteWebDriver.java:319)at org.openqa.selenium.remote.RemoteWebDriver.findElementByLinkText(RemoteWebDriver.java:373)at org.openqa.selenium.By$ByLinkText.findElement(By.java:246)at org.openqa.selenium.remote.RemoteWebDriver.findElement(RemoteWebDriver.java:311)at org.openqa.selenium.support.pagefactory.DefaultElementLocator.findElement(DefaultElementLocator.java:69)at org.openqa.selenium.support.pagefactory.internal.LocatingElementHandler.invoke(LocatingElementHandler.java:38)at com.sun.proxy.$Proxy9.click(Unknown Source)at com.bebo.pages.HomePage.clickLogin(HomePage.java:31)at com.bebo.test.DriverTest.faledTestScreenShot(DriverTest.java:84)at sun.reflect.NativeMethodAccessorImpl.invoke0(Native Method)at sun.reflect.NativeMethodAccessorImpl.invoke(NativeMethodAccessorImpl.java:62)at sun.reflect.DelegatingMethodAccessorImpl.invoke(DelegatingMethodAccessorImpl.java:43)at java.lang.reflect.Method.invoke(Method.java:498)at org.testng.internal.MethodInvocationHelper.invokeMethod(MethodInvocationHelper.java:124)at org.testng.internal.Invoker.invokeMethod(Invoker.java:571)at org.testng.internal.Invoker.invokeTestMethod(Invoker.java:707)at org.testng.internal.Invoker.invokeTestMethods(Invoker.java:979)at org.testng.internal.TestMethodWorker.invokeTestMethods(TestMethodWorker.java:125)at org.testng.internal.TestMethodWorker.run(TestMethodWorker.java:109)at org.testng.TestRunner.privateRun(TestRunner.java:648)at org.testng.TestRunner.run(TestRunner.java:505)at org.testng.SuiteRunner.runTest(SuiteRunner.java:455)at org.testng.SuiteRunner.runSequentially(SuiteRunner.java:450)at org.testng.SuiteRunner.privateRun(SuiteRunner.java:415)at org.testng.SuiteRunner.run(SuiteRunner.java:364)at org.testng.SuiteRunnerWorker.runSuite(SuiteRunnerWorker.java:52)at org.testng.SuiteRunnerWorker.run(SuiteRunnerWorker.java:84)at org.testng.TestNG.runSuitesSequentially(TestNG.java:1187)at org.testng.TestNG.runSuitesLocally(TestNG.java:1116)at org.testng.TestNG.runSuites(TestNG.java:1028)at org.testng.TestNG.run(TestNG.java:996)at org.apache.maven.surefire.testng.TestNGExecutor.run(TestNGExecutor.java:283)at org.apache.maven.surefire.testng.TestNGXmlTestSuite.execute(TestNGXmlTestSuite.java:75)at org.apache.maven.surefire.testng.TestNGProvider.invoke(TestNGProvider.java:120)at org.apache.maven.surefire.booter.ForkedBooter.invokeProviderInSameClassLoader(ForkedBooter.java:373)at org.apache.maven.surefire.booter.ForkedBooter.runSuitesInProcess(ForkedBooter.java:334)at org.apache.maven.surefire.booter.ForkedBooter.execute(ForkedBooter.java:119)at org.apache.maven.surefire.booter.ForkedBooter.main(ForkedBooter.java:407)]]>
            </full-stacktrace>
          </exception> <!-- org.openqa.selenium.NoSuchElementException -->
          <reporter-output>
          </reporter-output>
        </test-method> <!-- faledTestScreenShot -->
        <test-method status="PASS" signature="getResult(org.testng.ITestResult)[pri:0, instance:com.bebo.test.DriverTest@68837a77]" name="getResult" is-config="true" duration-ms="375" started-at="2018-03-18T23:47:17Z" finished-at="2018-03-18T23:47:18Z">
          <params>
            <param index="0">
              <value>
                <![CDATA[[TestResult name=faledTestScreenShot status=FAILURE method=DriverTest.faledTestScreenShot(java.lang.String, java.lang.String)[pri:5, instance:com.bebo.test.DriverTest@68837a77] output={null}]]]>
              </value>
            </param>
          </params>
          <reporter-output>
          </reporter-output>
        </test-method> <!-- getResult -->
        <test-method status="PASS" signature="tearDown()[pri:0, instance:com.bebo.test.DriverTest@68837a77]" name="tearDown" is-config="true" duration-ms="1923" started-at="2018-03-18T23:47:18Z" finished-at="2018-03-18T23:47:20Z">
          <reporter-output>
          </reporter-output>
        </test-method> <!-- tearDown -->
        <test-method status="PASS" signature="openReport()[pri:0, instance:com.bebo.test.DriverTest@68837a77]" name="openReport" is-config="true" duration-ms="975" started-at="2018-03-18T23:47:20Z" finished-at="2018-03-18T23:47:21Z">
          <reporter-output>
          </reporter-output>
        </test-method> <!-- openReport -->
      </class> <!-- com.bebo.test.DriverTest -->
    </test> <!-- Run Bebo Test -->
  </suite> <!-- All Test Suite -->
</testng-results>
